<?xml version="1.0" encoding="UTF-8"?>
<!-- Generated by org.testng.reporters.JUnitXMLReporter -->
<testsuite hostname="MyNew" name="homepage" tests="5" failures="0" timestamp="21 Dec 2016 13:23:33 GMT" time="131.05" errors="0">
  <testcase name="deleteAllFoldersExclusivelyFileSharing" time="53.485" classname="tests.home_page.HomePageTest"/>
  <testcase name="testAddingCommentToFile" time="5.651" classname="tests.home_page.HomePageTest"/>
  <testcase name="testCreatingNewFolder" time="18.795" classname="tests.home_page.HomePageTest"/>
  <testcase name="testLogoutButton" time="3.568" classname="tests.home_page.HomePageTest"/>
  <testcase name="testPresenceOfOfFileSharingFolder" time="1.656" classname="tests.home_page.HomePageTest"/>
</testsuite> <!-- homepage -->
