<?xml version="1.0" encoding="UTF-8"?>
<!-- Generated by org.testng.reporters.JUnitXMLReporter -->
<testsuite hostname="MyNew" name="login" tests="5" failures="0" timestamp="21 Dec 2016 13:22:34 GMT" time="71.551" errors="0">
  <testcase name="testLoginWithCorrectData" time="24.306" classname="tests.login_page.LoginPageTest"/>
  <testcase name="testLoginWithEmptyFields" time="1.202" classname="tests.login_page.LoginPageTest"/>
  <testcase name="testLoginWithEmptyFields" time="1.142" classname="tests.login_page.LoginPageTest"/>
  <testcase name="testLoginWithIncorrectData" time="3.414" classname="tests.login_page.LoginPageTest"/>
  <testcase name="testLoginWithIncorrectData" time="3.263" classname="tests.login_page.LoginPageTest"/>
</testsuite> <!-- login -->
